<?xml version="1.0" encoding="UTF-8"?>
<testsuites name="jest tests" tests="1" failures="0" errors="0" time="2.425">
  <testsuite name="src/App.test.js" errors="0" failures="0" skipped="0" timestamp="2025-08-17T23:39:37" time="1.545" tests="1">
    <testcase classname="-renders learn Jenkins link" name="-renders learn Jenkins link" time="0.127">
    </testcase>
  </testsuite>
</testsuites>